<?xml version="1.0" encoding="UTF-8"?>
<!-- Generated by org.testng.reporters.JUnitReportReporter -->
<testsuite skipped="0" hostname="DESKTOP-HD6R10L" name="com.bitm.newtours5th.Test.LoginTest" tests="2" failures="0" timestamp="30 Sep 2017 08:28:03 GMT" time="22.687" errors="0">
  <testcase name="checkloginpagetitle" time="21.534" classname="com.bitm.newtours5th.Test.LoginTest"/>
  <testcase name="logintest" time="1.153" classname="com.bitm.newtours5th.Test.LoginTest"/>
</testsuite> <!-- com.bitm.newtours5th.Test.LoginTest -->
