<?xml version="1.0" encoding="UTF-8"?>
<!-- Generated by org.testng.reporters.JUnitReportReporter -->
<testsuite skipped="0" hostname="DESKTOP-HD6R10L" name="com.bitm.newtours5th.Utils.DriverManager" tests="1" failures="0" timestamp="09 Sep 2017 05:45:34 GMT" time="0.041" errors="0">
  <testcase name="testmethod" time="0.041" classname="com.bitm.newtours5th.Utils.DriverManager"/>
</testsuite> <!-- com.bitm.newtours5th.Utils.DriverManager -->
